<?xml version="1.0" encoding="UTF-8"?>
<!-- Generated by org.testng.reporters.JUnitXMLReporter -->
<testsuite hostname="DESKTOP-H5NOQRE" ignored="0" name="Default test" tests="4" failures="0" timestamp="05 Dec 2022 14:06:45 GMT" time="46.957" errors="0">
  <testcase name="loginMethod" time="10.53" classname="org.test.PacificairTesting"/>
  <testcase name="manageChkModule" time="10.607" classname="org.test.PacificairTesting"/>
  <testcase name="manageBookModule" time="10.289" classname="org.test.PacificairTesting"/>
  <testcase name="manageFlightStatus" time="8.455" classname="org.test.PacificairTesting"/>
</testsuite> <!-- Default test -->
