<?xml version="1.0" encoding="UTF-8"?>
<testng-results skipped="0" failed="0" ignored="0" total="1" passed="1">
  <reporter-output>
  </reporter-output>
  <suite name="Default suite" duration-ms="67466" started-at="2022-12-03T11:41:39Z" finished-at="2022-12-03T11:42:47Z">
    <groups>
    </groups>
    <test name="Default test" duration-ms="67466" started-at="2022-12-03T11:41:39Z" finished-at="2022-12-03T11:42:47Z">
      <class name="org.test.BookTesting">
        <test-method status="PASS" signature="beforeClass()[pri:0, instance:org.test.BookTesting@13805618]" name="beforeClass" is-config="true" duration-ms="41387" started-at="2022-12-03T11:41:39Z" finished-at="2022-12-03T11:42:21Z">
          <reporter-output>
          </reporter-output>
        </test-method> <!-- beforeClass -->
        <test-method status="PASS" signature="beforeMethod()[pri:0, instance:org.test.BookTesting@13805618]" name="beforeMethod" is-config="true" duration-ms="0" started-at="2022-12-03T11:42:21Z" finished-at="2022-12-03T11:42:21Z">
          <reporter-output>
          </reporter-output>
        </test-method> <!-- beforeMethod -->
        <test-method status="PASS" signature="Book1()[pri:0, instance:org.test.BookTesting@13805618]" name="Book1" duration-ms="26008" started-at="2022-12-03T11:42:21Z" finished-at="2022-12-03T11:42:47Z">
          <reporter-output>
          </reporter-output>
        </test-method> <!-- Book1 -->
        <test-method status="PASS" signature="afterMethod()[pri:0, instance:org.test.BookTesting@13805618]" name="afterMethod" is-config="true" duration-ms="1" started-at="2022-12-03T11:42:47Z" finished-at="2022-12-03T11:42:47Z">
          <reporter-output>
          </reporter-output>
        </test-method> <!-- afterMethod -->
        <test-method status="PASS" signature="afterClass()[pri:0, instance:org.test.BookTesting@13805618]" name="afterClass" is-config="true" duration-ms="0" started-at="2022-12-03T11:42:47Z" finished-at="2022-12-03T11:42:47Z">
          <reporter-output>
          </reporter-output>
        </test-method> <!-- afterClass -->
      </class> <!-- org.test.BookTesting -->
    </test> <!-- Default test -->
  </suite> <!-- Default suite -->
</testng-results>
