<?xml version="1.0" encoding="UTF-8"?>
<testng-results skipped="0" failed="1" ignored="0" total="4" passed="3">
  <reporter-output>
  </reporter-output>
  <suite name="Default suite" duration-ms="33443" started-at="2022-12-05T04:52:58Z" finished-at="2022-12-05T04:53:31Z">
    <groups>
    </groups>
    <test name="Default test" duration-ms="33443" started-at="2022-12-05T04:52:58Z" finished-at="2022-12-05T04:53:31Z">
      <class name="org.test.PacificairTesting">
        <test-method status="PASS" signature="beforeClass()[pri:0, instance:org.test.PacificairTesting@72d818d1]" name="beforeClass" is-config="true" duration-ms="5186" started-at="2022-12-05T04:52:58Z" finished-at="2022-12-05T04:53:03Z">
          <reporter-output>
          </reporter-output>
        </test-method> <!-- beforeClass -->
        <test-method status="PASS" signature="beforeMethod()[pri:0, instance:org.test.PacificairTesting@72d818d1]" name="beforeMethod" is-config="true" duration-ms="0" started-at="2022-12-05T04:53:03Z" finished-at="2022-12-05T04:53:03Z">
          <reporter-output>
          </reporter-output>
        </test-method> <!-- beforeMethod -->
        <test-method status="PASS" signature="loginMethod(java.lang.String, java.lang.String, java.lang.String, java.lang.String, java.lang.String, java.lang.String)[pri:-4, instance:org.test.PacificairTesting@72d818d1]" name="loginMethod" duration-ms="9657" started-at="2022-12-05T04:53:03Z" data-provider="loginModule" finished-at="2022-12-05T04:53:13Z">
          <params>
            <param index="0">
              <value>
                <![CDATA[(//a[contains(@class,'close')])[1]]]>
              </value>
            </param>
            <param index="1">
              <value>
                <![CDATA[//a[contains(text(),'Log')]]]>
              </value>
            </param>
            <param index="2">
              <value>
                <![CDATA[//button[contains(text(),'Log')]]]>
              </value>
            </param>
            <param index="3">
              <value>
                <![CDATA[//a[contains(text(),'Maybe')]]]>
              </value>
            </param>
            <param index="4">
              <value>
                <![CDATA[Sujatha0711@gmail.com]]>
              </value>
            </param>
            <param index="5">
              <value>
                <![CDATA[Varshini@0711]]>
              </value>
            </param>
          </params>
          <reporter-output>
          </reporter-output>
        </test-method> <!-- loginMethod -->
        <test-method status="PASS" signature="afterMethod()[pri:0, instance:org.test.PacificairTesting@72d818d1]" name="afterMethod" is-config="true" duration-ms="1" started-at="2022-12-05T04:53:13Z" finished-at="2022-12-05T04:53:13Z">
          <reporter-output>
          </reporter-output>
        </test-method> <!-- afterMethod -->
        <test-method status="PASS" signature="beforeMethod()[pri:0, instance:org.test.PacificairTesting@72d818d1]" name="beforeMethod" is-config="true" duration-ms="1" started-at="2022-12-05T04:53:13Z" finished-at="2022-12-05T04:53:13Z">
          <reporter-output>
          </reporter-output>
        </test-method> <!-- beforeMethod -->
        <test-method status="PASS" signature="manageChkModule(java.lang.String, java.lang.String, java.lang.String, java.lang.String)[pri:-3, instance:org.test.PacificairTesting@72d818d1]" name="manageChkModule" duration-ms="8977" started-at="2022-12-05T04:53:13Z" data-provider="chkInModule" finished-at="2022-12-05T04:53:22Z">
          <params>
            <param index="0">
              <value>
                <![CDATA[(//a[contains(text(),'Check')])[1]]]>
              </value>
            </param>
            <param index="1">
              <value>
                <![CDATA[Sujatha0711@gmail.com]]>
              </value>
            </param>
            <param index="2">
              <value>
                <![CDATA[Varshini@0711]]>
              </value>
            </param>
            <param index="3">
              <value>
                <![CDATA[https://www.cebupacificair.com/]]>
              </value>
            </param>
          </params>
          <reporter-output>
          </reporter-output>
        </test-method> <!-- manageChkModule -->
        <test-method status="PASS" signature="afterMethod()[pri:0, instance:org.test.PacificairTesting@72d818d1]" name="afterMethod" is-config="true" duration-ms="0" started-at="2022-12-05T04:53:22Z" finished-at="2022-12-05T04:53:22Z">
          <reporter-output>
          </reporter-output>
        </test-method> <!-- afterMethod -->
        <test-method status="PASS" signature="beforeMethod()[pri:0, instance:org.test.PacificairTesting@72d818d1]" name="beforeMethod" is-config="true" duration-ms="0" started-at="2022-12-05T04:53:22Z" finished-at="2022-12-05T04:53:22Z">
          <reporter-output>
          </reporter-output>
        </test-method> <!-- beforeMethod -->
        <test-method status="PASS" signature="manageBookModule(java.lang.String, java.lang.String)[pri:-2, instance:org.test.PacificairTesting@72d818d1]" name="manageBookModule" duration-ms="7919" started-at="2022-12-05T04:53:22Z" data-provider="urlModule" finished-at="2022-12-05T04:53:29Z">
          <params>
            <param index="0">
              <value>
                <![CDATA[https://www.cebupacificair.com/]]>
              </value>
            </param>
            <param index="1">
              <value>
                <![CDATA[]]>
              </value>
            </param>
          </params>
          <reporter-output>
          </reporter-output>
        </test-method> <!-- manageBookModule -->
        <test-method status="PASS" signature="afterMethod()[pri:0, instance:org.test.PacificairTesting@72d818d1]" name="afterMethod" is-config="true" duration-ms="1" started-at="2022-12-05T04:53:29Z" finished-at="2022-12-05T04:53:30Z">
          <reporter-output>
          </reporter-output>
        </test-method> <!-- afterMethod -->
        <test-method status="PASS" signature="beforeMethod()[pri:0, instance:org.test.PacificairTesting@72d818d1]" name="beforeMethod" is-config="true" duration-ms="1" started-at="2022-12-05T04:53:30Z" finished-at="2022-12-05T04:53:30Z">
          <reporter-output>
          </reporter-output>
        </test-method> <!-- beforeMethod -->
        <test-method status="FAIL" signature="manageFlightStatus(java.lang.String, java.lang.String)[pri:-1, instance:org.test.PacificairTesting@72d818d1]" name="manageFlightStatus" duration-ms="1634" started-at="2022-12-05T04:53:30Z" data-provider="urlModule" finished-at="2022-12-05T04:53:31Z">
          <params>
            <param index="0">
              <value>
                <![CDATA[https://www.cebupacificair.com/]]>
              </value>
            </param>
            <param index="1">
              <value>
                <![CDATA[]]>
              </value>
            </param>
          </params>
          <exception class="org.openqa.selenium.ElementNotInteractableException">
            <message>
              <![CDATA[element not interactable: javascript: void(0) has no size and location
  (Session info: chrome=108.0.5359.73)
Build info: version: '4.0.0-alpha-2', revision: 'f148142cf8', time: '2019-07-01T20:55:26'
System info: host: 'DESKTOP-H5NOQRE', ip: '192.168.1.2', os.name: 'Windows 10', os.arch: 'amd64', os.version: '10.0', java.version: '1.8.0_202'
Driver info: org.openqa.selenium.chrome.ChromeDriver
Capabilities {acceptInsecureCerts: false, browserName: chrome, browserVersion: 108.0.5359.73, chrome: {chromedriverVersion: 108.0.5359.71 (1e0e3868ee06..., userDataDir: C:\Users\dell\AppData\Local...}, goog:chromeOptions: {debuggerAddress: localhost:54681}, javascriptEnabled: true, networkConnectionEnabled: false, pageLoadStrategy: normal, platform: WINDOWS, platformName: WINDOWS, proxy: Proxy(), setWindowRect: true, strictFileInteractability: false, timeouts: {implicit: 0, pageLoad: 300000, script: 30000}, unhandledPromptBehavior: dismiss and notify, webauthn:extension:credBlob: true, webauthn:extension:largeBlob: true, webauthn:virtualAuthenticators: true}
Session ID: 5b89077c3da3492a631ef08f73448f42]]>
            </message>
            <full-stacktrace>
              <![CDATA[org.openqa.selenium.ElementNotInteractableException: element not interactable: javascript: void(0) has no size and location
  (Session info: chrome=108.0.5359.73)
Build info: version: '4.0.0-alpha-2', revision: 'f148142cf8', time: '2019-07-01T20:55:26'
System info: host: 'DESKTOP-H5NOQRE', ip: '192.168.1.2', os.name: 'Windows 10', os.arch: 'amd64', os.version: '10.0', java.version: '1.8.0_202'
Driver info: org.openqa.selenium.chrome.ChromeDriver
Capabilities {acceptInsecureCerts: false, browserName: chrome, browserVersion: 108.0.5359.73, chrome: {chromedriverVersion: 108.0.5359.71 (1e0e3868ee06..., userDataDir: C:\Users\dell\AppData\Local...}, goog:chromeOptions: {debuggerAddress: localhost:54681}, javascriptEnabled: true, networkConnectionEnabled: false, pageLoadStrategy: normal, platform: WINDOWS, platformName: WINDOWS, proxy: Proxy(), setWindowRect: true, strictFileInteractability: false, timeouts: {implicit: 0, pageLoad: 300000, script: 30000}, unhandledPromptBehavior: dismiss and notify, webauthn:extension:credBlob: true, webauthn:extension:largeBlob: true, webauthn:virtualAuthenticators: true}
Session ID: 5b89077c3da3492a631ef08f73448f42
at sun.reflect.NativeConstructorAccessorImpl.newInstance0(Native Method)
at sun.reflect.NativeConstructorAccessorImpl.newInstance(Unknown Source)
at sun.reflect.DelegatingConstructorAccessorImpl.newInstance(Unknown Source)
at java.lang.reflect.Constructor.newInstance(Unknown Source)
at org.openqa.selenium.remote.codec.w3c.W3CHttpResponseCodec.createException(W3CHttpResponseCodec.java:191)
at org.openqa.selenium.remote.codec.w3c.W3CHttpResponseCodec.decode(W3CHttpResponseCodec.java:125)
at org.openqa.selenium.remote.codec.w3c.W3CHttpResponseCodec.decode(W3CHttpResponseCodec.java:52)
at org.openqa.selenium.remote.HttpCommandExecutor.execute(HttpCommandExecutor.java:161)
at org.openqa.selenium.remote.service.DriverCommandExecutor.execute(DriverCommandExecutor.java:83)
at org.openqa.selenium.remote.RemoteWebDriver.execute(RemoteWebDriver.java:576)
at org.openqa.selenium.remote.RemoteWebDriver.perform(RemoteWebDriver.java:646)
at org.openqa.selenium.interactions.Actions$BuiltAction.perform(Actions.java:613)
at org.openqa.selenium.interactions.Actions.perform(Actions.java:569)
at org.test.PacificairTesting.manageFlightStatus(PacificairTesting.java:92)
at sun.reflect.NativeMethodAccessorImpl.invoke0(Native Method)
at sun.reflect.NativeMethodAccessorImpl.invoke(Unknown Source)
at sun.reflect.DelegatingMethodAccessorImpl.invoke(Unknown Source)
at java.lang.reflect.Method.invoke(Unknown Source)
at org.testng.internal.MethodInvocationHelper.invokeMethod(MethodInvocationHelper.java:124)
at org.testng.internal.Invoker.invokeMethod(Invoker.java:583)
at org.testng.internal.Invoker.invokeTestMethod(Invoker.java:719)
at org.testng.internal.Invoker.invokeTestMethods(Invoker.java:989)
at org.testng.internal.TestMethodWorker.invokeTestMethods(TestMethodWorker.java:125)
at org.testng.internal.TestMethodWorker.run(TestMethodWorker.java:109)
at org.testng.TestRunner.privateRun(TestRunner.java:648)
at org.testng.TestRunner.run(TestRunner.java:505)
at org.testng.SuiteRunner.runTest(SuiteRunner.java:455)
at org.testng.SuiteRunner.runSequentially(SuiteRunner.java:450)
at org.testng.SuiteRunner.privateRun(SuiteRunner.java:415)
at org.testng.SuiteRunner.run(SuiteRunner.java:364)
at org.testng.SuiteRunnerWorker.runSuite(SuiteRunnerWorker.java:52)
at org.testng.SuiteRunnerWorker.run(SuiteRunnerWorker.java:84)
at org.testng.TestNG.runSuitesSequentially(TestNG.java:1208)
at org.testng.TestNG.runSuitesLocally(TestNG.java:1137)
at org.testng.TestNG.runSuites(TestNG.java:1049)
at org.testng.TestNG.run(TestNG.java:1017)
at org.testng.remote.AbstractRemoteTestNG.run(AbstractRemoteTestNG.java:114)
at org.testng.remote.RemoteTestNG.initAndRun(RemoteTestNG.java:251)
at org.testng.remote.RemoteTestNG.main(RemoteTestNG.java:77)
]]>
            </full-stacktrace>
          </exception> <!-- org.openqa.selenium.ElementNotInteractableException -->
          <reporter-output>
          </reporter-output>
        </test-method> <!-- manageFlightStatus -->
        <test-method status="PASS" signature="afterMethod()[pri:0, instance:org.test.PacificairTesting@72d818d1]" name="afterMethod" is-config="true" duration-ms="0" started-at="2022-12-05T04:53:31Z" finished-at="2022-12-05T04:53:31Z">
          <reporter-output>
          </reporter-output>
        </test-method> <!-- afterMethod -->
        <test-method status="PASS" signature="afterClass()[pri:0, instance:org.test.PacificairTesting@72d818d1]" name="afterClass" is-config="true" duration-ms="0" started-at="2022-12-05T04:53:31Z" finished-at="2022-12-05T04:53:31Z">
          <reporter-output>
          </reporter-output>
        </test-method> <!-- afterClass -->
      </class> <!-- org.test.PacificairTesting -->
    </test> <!-- Default test -->
  </suite> <!-- Default suite -->
</testng-results>
